2023-03-15 22:20:01
Кол-во запущенных процессов текущего пользователя: 90
Средняя нагрузка за 15 минут: 0,04
Свободная память: 
Свободное место в разделе '/': 9,2G
-------------- Конец вывода ------------------
2023-03-15 22:30:02
Кол-во запущенных процессов текущего пользователя: 88
Средняя нагрузка за 15 минут: 0,03
Свободная память: 
Свободное место в разделе '/': 9,2G
-------------- Конец вывода ------------------
2023-03-15 22:40:03
Кол-во запущенных процессов текущего пользователя: 89
Средняя нагрузка за 15 минут: 0,08
Свободная память: 
Свободное место в разделе '/': 9,2G
-------------- Конец вывода ------------------
2023-03-15 22:50:01
Кол-во запущенных процессов текущего пользователя: 88
Средняя нагрузка за 15 минут: 0,04
Свободная память: 
Свободное место в разделе '/': 9,2G
-------------- Конец вывода ------------------
2023-03-15 23:00:01
Кол-во запущенных процессов текущего пользователя: 88
Средняя нагрузка за 15 минут: 0,04
Свободная память: 
Свободное место в разделе '/': 9,2G
-------------- Конец вывода ------------------
2023-03-15 23:10:02
Кол-во запущенных процессов текущего пользователя: 88
Средняя нагрузка за 15 минут: 0,00
Свободная память: 
Свободное место в разделе '/': 9,2G
-------------- Конец вывода ------------------
2023-03-18 19:30:01
Кол-во запущенных процессов текущего пользователя: 3
Средняя нагрузка за 15 минут: 0,05,
Свободная память: 
Свободное место в разделе '/': 9,2G
-------------- Конец вывода ------------------
2023-03-18 19:40:01
Кол-во запущенных процессов текущего пользователя: 3
Средняя нагрузка за 15 минут: 0,00,
Свободная память: 
Свободное место в разделе '/': 9,2G
-------------- Конец вывода ------------------
2023-03-18 19:50:02
Кол-во запущенных процессов текущего пользователя: 3
Средняя нагрузка за 15 минут: 0,00,
Свободная память: 
Свободное место в разделе '/': 9,2G
-------------- Конец вывода ------------------
2023-03-18 20:00:01
Кол-во запущенных процессов текущего пользователя: 3
Средняя нагрузка за 15 минут: 0,00,
Свободная память: 
Свободное место в разделе '/': 9,2G
-------------- Конец вывода ------------------
2023-03-18 20:10:01
Кол-во запущенных процессов текущего пользователя: 3
Средняя нагрузка за 15 минут: 0,00,
Свободная память: 
Свободное место в разделе '/': 9,2G
-------------- Конец вывода ------------------
2023-03-19 12:30:01
Кол-во запущенных процессов текущего пользователя: 84
Средняя нагрузка за 15 минут: 0,34,
Свободная память: 
Свободное место в разделе '/': 9,2G
-------------- Конец вывода ------------------
2023-03-19 12:40:02
Кол-во запущенных процессов текущего пользователя: 84
Средняя нагрузка за 15 минут: 0,08,
Свободная память: 
Свободное место в разделе '/': 9,2G
-------------- Конец вывода ------------------
2023-03-19 12:50:01
Кол-во запущенных процессов текущего пользователя: 85
Средняя нагрузка за 15 минут: 0,11,
Свободная память: 
Свободное место в разделе '/': 9,2G
-------------- Конец вывода ------------------
